ISim log file
Running: C:\Users\shahw\Desktop\SingleCycle_MIPS_MahmoudSaeed_18102867\SingleCycle_MIPS_MahmoudSaeed_18102867_isim_beh.exe -intstyle ise -gui -tclbatch isim.cmd -wdb C:/Users/shahw/Desktop/SingleCycle_MIPS_MahmoudSaeed_18102867/SingleCycle_MIPS_MahmoudSaeed_18102867_isim_beh.wdb 
ISim P.20131013 (signature 0x7708f090)
This is a Full version of ISim.
Time resolution is 1 ps
# onerror resume
# wave add /
# run 1000 ns
Simulator is doing circuit initialization process.
at 0 ps, Instance /singlecycle_mips_mahmoudsaeed_18102867/InstructionMemory/ : Warning: NUMERIC_STD.TO_INTEGER: metavalue detected, returning 0
at 0 ps, Instance /singlecycle_mips_mahmoudsaeed_18102867/InstructionMemory/ : Warning: NUMERIC_STD.TO_INTEGER: metavalue detected, returning 0
at 0 ps, Instance /singlecycle_mips_mahmoudsaeed_18102867/InstructionMemory/ : Warning: NUMERIC_STD.TO_INTEGER: metavalue detected, returning 0
at 0 ps, Instance /singlecycle_mips_mahmoudsaeed_18102867/InstructionMemory/ : Warning: NUMERIC_STD.TO_INTEGER: metavalue detected, returning 0
at 0 ps, Instance /singlecycle_mips_mahmoudsaeed_18102867/BAdder/ : Warning: NUMERIC_STD.TO_INTEGER: metavalue detected, returning 0
at 0 ps, Instance /singlecycle_mips_mahmoudsaeed_18102867/BAdder/ : Warning: NUMERIC_STD.TO_INTEGER: metavalue detected, returning 0
at 0 ps, Instance /singlecycle_mips_mahmoudsaeed_18102867/PCAdder/ : Warning: NUMERIC_STD.TO_INTEGER: metavalue detected, returning 0
at 0 ps, Instance /singlecycle_mips_mahmoudsaeed_18102867/RegisterFile/ : Warning: NUMERIC_STD.TO_INTEGER: metavalue detected, returning 0
at 0 ps, Instance /singlecycle_mips_mahmoudsaeed_18102867/RegisterFile/ : Warning: NUMERIC_STD.TO_INTEGER: metavalue detected, returning 0
Finished circuit initialization process.
at 0 ps, Instance /singlecycle_mips_mahmoudsaeed_18102867/BAdder/ : Warning: NUMERIC_STD.TO_INTEGER: metavalue detected, returning 0
at 0 ps, Instance /singlecycle_mips_mahmoudsaeed_18102867/BAdder/ : Warning: NUMERIC_STD.TO_INTEGER: metavalue detected, returning 0
# isim force add /singlecycle_mips_mahmoudsaeed_18102867/clk 1 -radix bin -value 0 -radix bin -time 500 ps -repeat 1 ns
# isim force add /singlecycle_mips_mahmoudsaeed_18102867/clk 1 -radix bin -value 0 -radix bin -time 500 ps -repeat 1 ns
# run
ERROR: Index 128 out of bound 0 to 127. 
ERROR: In process InstructionMem_MahmoudSaeed_18102867.vhd:62 
 
INFO: Simulator is stopped.
